<?xml version="1.0" encoding="UTF-8"?>
<!-- Generated by org.testng.reporters.JUnitReportReporter -->
<testsuite skipped="0" hostname="LSTKAG230469" name="com.test.app.MicrosoftApplicationSuite" tests="3" failures="0" timestamp="17 Sep 2020 02:46:11 GMT" time="41.836" errors="0">
  <testcase name="ProductDetailsPage" time="15.037" classname="com.test.app.MicrosoftApplicationSuite"/>
  <testcase name="WindowsPage" time="21.682" classname="com.test.app.MicrosoftApplicationSuite"/>
  <testcase name="HomePage" time="5.117" classname="com.test.app.MicrosoftApplicationSuite"/>
</testsuite> <!-- com.test.app.MicrosoftApplicationSuite -->
