<?xml version="1.0" encoding="UTF-8"?>
<!-- Generated by org.testng.reporters.JUnitReportReporter -->
<testsuite skipped="0" hostname="LSTKAG230469" name="com.test.app.MicrosoftApplication" tests="1" failures="0" timestamp="16 Sep 2020 20:23:58 GMT" time="18.042" errors="0">
  <testcase name="run" time="18.042" classname="com.test.app.MicrosoftApplication"/>
</testsuite> <!-- com.test.app.MicrosoftApplication -->
